<?xml version="1.0" encoding="UTF-8"?>
<!-- Generated by org.testng.reporters.JUnitReportReporter -->
<testsuite hostname="DESKTOP-PLKTI5D" failures="0" tests="1" name="TestCases.SignupTestcase" time="21.364" errors="0" timestamp="2023-07-09T19:54:45 IST" skipped="0">
  <testcase classname="TestCases.SignupTestcase" name="VerifySignup" time="21.364"/>
</testsuite> <!-- TestCases.SignupTestcase -->
