<?xml version="1.0" encoding="UTF-8"?>
<!-- Generated by org.testng.reporters.JUnitReportReporter -->
<testsuite hostname="DESKTOP-PLKTI5D" failures="0" tests="3" name="TestCases.LoginTestCase" time="36.909" errors="0" timestamp="2023-07-09T21:45:02 IST" skipped="0">
  <testcase classname="TestCases.LoginTestCase" name="VerifyLogin" time="16.318"/>
  <testcase classname="TestCases.LoginTestCase" name="VerifyLogin" time="12.080"/>
  <testcase classname="TestCases.LoginTestCase" name="VerifyLogin" time="8.511"/>
</testsuite> <!-- TestCases.LoginTestCase -->
